<?xml version="1.0" encoding="UTF-8"?>
<!-- Generated by org.testng.reporters.JUnitReportReporter -->
<testsuite name="com.qa.tests.GetApiTest" tests="1" time="1.288" ignored="0" failures="0" timestamp="07 Jan 2021 14:31:30 GMT" skipped="0" hostname="Bishnu" errors="0">
  <testcase name="getAPITestWithOutHeaders" time="1.288" classname="com.qa.tests.GetApiTest"/>
</testsuite> <!-- com.qa.tests.GetApiTest -->
